# Logfile created on 2022-03-13 19:37:07 -0300 by logger.rb/v1.4.2
D, [2022-03-13T19:37:07.420102 #90028] DEBUG -- : MONGODB | Topology type 'unknown' initializing.
D, [2022-03-13T19:37:07.420414 #90028] DEBUG -- : MONGODB | There was a change in the members of the 'Unknown' topology.
D, [2022-03-13T19:37:07.420523 #90028] DEBUG -- : MONGODB | Server rocklov-db:27017 initializing.
D, [2022-03-13T19:37:07.420811 #90028] DEBUG -- : MONGODB | Waiting for up to 30.00 seconds for servers to be scanned: #<Cluster topology=Unknown[rocklov-db:27017] servers=[#<Server address=rocklov-db:27017 UNKNOWN>]>
D, [2022-03-13T19:37:07.424639 #90028] DEBUG -- : MONGODB | Server description for rocklov-db:27017 changed from 'unknown' to 'standalone'.
D, [2022-03-13T19:37:07.424896 #90028] DEBUG -- : MONGODB | Topology type 'Unknown' changed to type 'Single'.
D, [2022-03-13T19:37:07.430319 #90028] DEBUG -- : MONGODB | rocklov-db:27017 req:5 conn:1:1 sconn:16 | rocklov.delete | STARTED | {"delete"=>"users", "ordered"=>true, "deletes"=>[{"q"=>{"email"=>"panda@gmail.com"}, "limit"=>0}], "$db"=>"rocklov", "lsid"=>{"id"=><BSON::Binary:0x49780 type=uuid data=0x8f886776cc6948af...>}}
D, [2022-03-13T19:37:07.431114 #90028] DEBUG -- : MONGODB | rocklov-db:27017 req:5 | rocklov.delete | SUCCEEDED | 0.001s
D, [2022-03-13T19:38:11.847838 #90092] DEBUG -- : MONGODB | Topology type 'unknown' initializing.
D, [2022-03-13T19:38:11.848127 #90092] DEBUG -- : MONGODB | There was a change in the members of the 'Unknown' topology.
D, [2022-03-13T19:38:11.848217 #90092] DEBUG -- : MONGODB | Server rocklov-db:27017 initializing.
D, [2022-03-13T19:38:11.848561 #90092] DEBUG -- : MONGODB | Waiting for up to 30.00 seconds for servers to be scanned: #<Cluster topology=Unknown[rocklov-db:27017] servers=[#<Server address=rocklov-db:27017 UNKNOWN>]>
D, [2022-03-13T19:38:11.851114 #90092] DEBUG -- : MONGODB | Server description for rocklov-db:27017 changed from 'unknown' to 'standalone'.
D, [2022-03-13T19:38:11.851342 #90092] DEBUG -- : MONGODB | Topology type 'Unknown' changed to type 'Single'.
D, [2022-03-13T19:38:11.854514 #90092] DEBUG -- : MONGODB | rocklov-db:27017 req:5 conn:1:1 sconn:18 | rocklov.delete | STARTED | {"delete"=>"users", "ordered"=>true, "deletes"=>[{"q"=>{"email"=>"panda@gmail.com"}, "limit"=>0}], "$db"=>"rocklov", "lsid"=>{"id"=><BSON::Binary:0x49780 type=uuid data=0x85561a8d874c4036...>}}
D, [2022-03-13T19:38:11.855142 #90092] DEBUG -- : MONGODB | rocklov-db:27017 req:5 | rocklov.delete | SUCCEEDED | 0.000s
D, [2022-03-13T19:40:14.615782 #90242] DEBUG -- : MONGODB | Topology type 'unknown' initializing.
D, [2022-03-13T19:40:14.616156 #90242] DEBUG -- : MONGODB | There was a change in the members of the 'Unknown' topology.
D, [2022-03-13T19:40:14.616306 #90242] DEBUG -- : MONGODB | Server rocklov-db:27017 initializing.
D, [2022-03-13T19:40:14.616830 #90242] DEBUG -- : MONGODB | Waiting for up to 30.00 seconds for servers to be scanned: #<Cluster topology=Unknown[rocklov-db:27017] servers=[#<Server address=rocklov-db:27017 UNKNOWN>]>
D, [2022-03-13T19:40:14.620532 #90242] DEBUG -- : MONGODB | Server description for rocklov-db:27017 changed from 'unknown' to 'standalone'.
D, [2022-03-13T19:40:14.620873 #90242] DEBUG -- : MONGODB | Topology type 'Unknown' changed to type 'Single'.
D, [2022-03-13T19:40:14.625196 #90242] DEBUG -- : MONGODB | rocklov-db:27017 req:5 conn:1:1 sconn:20 | rocklov.delete | STARTED | {"delete"=>"users", "ordered"=>true, "deletes"=>[{"q"=>{"email"=>"panda@gmail.com"}, "limit"=>0}], "$db"=>"rocklov", "lsid"=>{"id"=><BSON::Binary:0x49780 type=uuid data=0x68cbe70f4fb74162...>}}
D, [2022-03-13T19:40:14.630101 #90242] DEBUG -- : MONGODB | rocklov-db:27017 req:5 | rocklov.delete | SUCCEEDED | 0.004s
D, [2022-03-13T19:40:29.634684 #90285] DEBUG -- : MONGODB | Topology type 'unknown' initializing.
D, [2022-03-13T19:40:29.635001 #90285] DEBUG -- : MONGODB | There was a change in the members of the 'Unknown' topology.
D, [2022-03-13T19:40:29.635121 #90285] DEBUG -- : MONGODB | Server rocklov-db:27017 initializing.
D, [2022-03-13T19:40:29.635435 #90285] DEBUG -- : MONGODB | Waiting for up to 30.00 seconds for servers to be scanned: #<Cluster topology=Unknown[rocklov-db:27017] servers=[#<Server address=rocklov-db:27017 UNKNOWN>]>
D, [2022-03-13T19:40:29.638268 #90285] DEBUG -- : MONGODB | Server description for rocklov-db:27017 changed from 'unknown' to 'standalone'.
D, [2022-03-13T19:40:29.638480 #90285] DEBUG -- : MONGODB | Topology type 'Unknown' changed to type 'Single'.
D, [2022-03-13T19:40:29.641163 #90285] DEBUG -- : MONGODB | rocklov-db:27017 req:5 conn:1:1 sconn:22 | rocklov.delete | STARTED | {"delete"=>"users", "ordered"=>true, "deletes"=>[{"q"=>{"email"=>"panda@gmail.com"}, "limit"=>0}], "$db"=>"rocklov", "lsid"=>{"id"=><BSON::Binary:0x49780 type=uuid data=0x57ca095a36c348ad...>}}
D, [2022-03-13T19:40:29.642381 #90285] DEBUG -- : MONGODB | rocklov-db:27017 req:5 | rocklov.delete | SUCCEEDED | 0.001s
D, [2022-03-13T19:40:55.971438 #90335] DEBUG -- : MONGODB | Topology type 'unknown' initializing.
D, [2022-03-13T19:40:55.971770 #90335] DEBUG -- : MONGODB | There was a change in the members of the 'Unknown' topology.
D, [2022-03-13T19:40:55.971887 #90335] DEBUG -- : MONGODB | Server rocklov-db:27017 initializing.
D, [2022-03-13T19:40:55.972187 #90335] DEBUG -- : MONGODB | Waiting for up to 30.00 seconds for servers to be scanned: #<Cluster topology=Unknown[rocklov-db:27017] servers=[#<Server address=rocklov-db:27017 UNKNOWN>]>
D, [2022-03-13T19:40:55.975218 #90335] DEBUG -- : MONGODB | Server description for rocklov-db:27017 changed from 'unknown' to 'standalone'.
D, [2022-03-13T19:40:55.975609 #90335] DEBUG -- : MONGODB | Topology type 'Unknown' changed to type 'Single'.
D, [2022-03-13T19:40:55.979305 #90335] DEBUG -- : MONGODB | rocklov-db:27017 req:5 conn:1:1 sconn:24 | rocklov.delete | STARTED | {"delete"=>"users", "ordered"=>true, "deletes"=>[{"q"=>{"email"=>"panda@bol.com"}, "limit"=>0}], "$db"=>"rocklov", "lsid"=>{"id"=><BSON::Binary:0x49780 type=uuid data=0x08ef5b30bc7c482a...>}}
D, [2022-03-13T19:40:55.980230 #90335] DEBUG -- : MONGODB | rocklov-db:27017 req:5 | rocklov.delete | SUCCEEDED | 0.001s
D, [2022-03-13T19:48:00.481864 #90907] DEBUG -- : MONGODB | Topology type 'unknown' initializing.
D, [2022-03-13T19:48:00.482159 #90907] DEBUG -- : MONGODB | There was a change in the members of the 'Unknown' topology.
D, [2022-03-13T19:48:00.482273 #90907] DEBUG -- : MONGODB | Server rocklov-db:27017 initializing.
D, [2022-03-13T19:48:00.482653 #90907] DEBUG -- : MONGODB | Waiting for up to 30.00 seconds for servers to be scanned: #<Cluster topology=Unknown[rocklov-db:27017] servers=[#<Server address=rocklov-db:27017 UNKNOWN>]>
D, [2022-03-13T19:48:00.487253 #90907] DEBUG -- : MONGODB | Server description for rocklov-db:27017 changed from 'unknown' to 'standalone'.
D, [2022-03-13T19:48:00.487608 #90907] DEBUG -- : MONGODB | Topology type 'Unknown' changed to type 'Single'.
D, [2022-03-13T19:48:00.491597 #90907] DEBUG -- : MONGODB | rocklov-db:27017 req:5 conn:1:1 sconn:27 | rocklov.delete | STARTED | {"delete"=>"users", "ordered"=>true, "deletes"=>[{"q"=>{"email"=>"roberto@bol.com.br"}, "limit"=>0}], "$db"=>"rocklov", "lsid"=>{"id"=><BSON::Binary:0x49780 type=uuid data=0xb0e9ca04c74f4a6f...>}}
D, [2022-03-13T19:48:00.492621 #90907] DEBUG -- : MONGODB | rocklov-db:27017 req:5 | rocklov.delete | SUCCEEDED | 0.001s
D, [2022-03-13T19:48:42.812348 #90953] DEBUG -- : MONGODB | Topology type 'unknown' initializing.
D, [2022-03-13T19:48:42.812726 #90953] DEBUG -- : MONGODB | There was a change in the members of the 'Unknown' topology.
D, [2022-03-13T19:48:42.813077 #90953] DEBUG -- : MONGODB | Server rocklov-db:27017 initializing.
D, [2022-03-13T19:48:42.813403 #90953] DEBUG -- : MONGODB | Waiting for up to 30.00 seconds for servers to be scanned: #<Cluster topology=Unknown[rocklov-db:27017] servers=[#<Server address=rocklov-db:27017 UNKNOWN>]>
D, [2022-03-13T19:48:42.816588 #90953] DEBUG -- : MONGODB | Server description for rocklov-db:27017 changed from 'unknown' to 'standalone'.
D, [2022-03-13T19:48:42.816889 #90953] DEBUG -- : MONGODB | Topology type 'Unknown' changed to type 'Single'.
D, [2022-03-13T19:48:42.821676 #90953] DEBUG -- : MONGODB | rocklov-db:27017 req:5 conn:1:1 sconn:29 | rocklov.delete | STARTED | {"delete"=>"users", "ordered"=>true, "deletes"=>[{"q"=>{"email"=>"roberto@bol.com.br"}, "limit"=>0}], "$db"=>"rocklov", "lsid"=>{"id"=><BSON::Binary:0x49780 type=uuid data=0xb27541f229584213...>}}
D, [2022-03-13T19:48:42.822506 #90953] DEBUG -- : MONGODB | rocklov-db:27017 req:5 | rocklov.delete | SUCCEEDED | 0.001s
D, [2022-03-13T19:53:00.296611 #91178] DEBUG -- : MONGODB | Topology type 'unknown' initializing.
D, [2022-03-13T19:53:00.296922 #91178] DEBUG -- : MONGODB | There was a change in the members of the 'Unknown' topology.
D, [2022-03-13T19:53:00.297041 #91178] DEBUG -- : MONGODB | Server rocklov-db:27017 initializing.
D, [2022-03-13T19:53:00.297405 #91178] DEBUG -- : MONGODB | Waiting for up to 30.00 seconds for servers to be scanned: #<Cluster topology=Unknown[rocklov-db:27017] servers=[#<Server address=rocklov-db:27017 UNKNOWN>]>
D, [2022-03-13T19:53:00.300555 #91178] DEBUG -- : MONGODB | Server description for rocklov-db:27017 changed from 'unknown' to 'standalone'.
D, [2022-03-13T19:53:00.300875 #91178] DEBUG -- : MONGODB | Topology type 'Unknown' changed to type 'Single'.
D, [2022-03-13T19:53:00.303747 #91178] DEBUG -- : MONGODB | rocklov-db:27017 req:5 conn:1:1 sconn:31 | rocklov.delete | STARTED | {"delete"=>"users", "ordered"=>true, "deletes"=>[{"q"=>{"email"=>"victoria@gmail.com"}, "limit"=>0}], "$db"=>"rocklov", "lsid"=>{"id"=><BSON::Binary:0x49780 type=uuid data=0xf666db12ce2a4dfa...>}}
D, [2022-03-13T19:53:00.304599 #91178] DEBUG -- : MONGODB | rocklov-db:27017 req:5 | rocklov.delete | SUCCEEDED | 0.001s
D, [2022-03-13T19:56:03.577928 #91318] DEBUG -- : MONGODB | Topology type 'unknown' initializing.
D, [2022-03-13T19:56:03.579562 #91318] DEBUG -- : MONGODB | There was a change in the members of the 'Unknown' topology.
D, [2022-03-13T19:56:03.579750 #91318] DEBUG -- : MONGODB | Server rocklov-db:27017 initializing.
D, [2022-03-13T19:56:03.581024 #91318] DEBUG -- : MONGODB | Waiting for up to 30.00 seconds for servers to be scanned: #<Cluster topology=Unknown[rocklov-db:27017] servers=[#<Server address=rocklov-db:27017 UNKNOWN>]>
D, [2022-03-13T19:56:03.585841 #91318] DEBUG -- : MONGODB | Server description for rocklov-db:27017 changed from 'unknown' to 'standalone'.
D, [2022-03-13T19:56:03.586110 #91318] DEBUG -- : MONGODB | Topology type 'Unknown' changed to type 'Single'.
D, [2022-03-13T19:56:03.589251 #91318] DEBUG -- : MONGODB | rocklov-db:27017 req:5 conn:1:1 sconn:33 | rocklov.delete | STARTED | {"delete"=>"users", "ordered"=>true, "deletes"=>[{"q"=>{"email"=>"victoria@gmail.com"}, "limit"=>0}], "$db"=>"rocklov", "lsid"=>{"id"=><BSON::Binary:0x49780 type=uuid data=0x0def637e41d04bf0...>}}
D, [2022-03-13T19:56:03.593478 #91318] DEBUG -- : MONGODB | rocklov-db:27017 req:5 | rocklov.delete | SUCCEEDED | 0.004s
D, [2022-03-13T20:42:05.246719 #5724] DEBUG -- : MONGODB | Topology type 'unknown' initializing.
D, [2022-03-13T20:42:05.249758 #5724] DEBUG -- : MONGODB | There was a change in the members of the 'Unknown' topology.
D, [2022-03-13T20:42:05.249912 #5724] DEBUG -- : MONGODB | Server rocklov-db:27017 initializing.
D, [2022-03-13T20:42:05.250219 #5724] DEBUG -- : MONGODB | Waiting for up to 30.00 seconds for servers to be scanned: #<Cluster topology=Unknown[rocklov-db:27017] servers=[#<Server address=rocklov-db:27017 UNKNOWN>]>
D, [2022-03-13T20:42:05.258456 #5724] DEBUG -- : MONGODB | Server description for rocklov-db:27017 changed from 'unknown' to 'standalone'.
D, [2022-03-13T20:42:05.258735 #5724] DEBUG -- : MONGODB | Topology type 'Unknown' changed to type 'Single'.
D, [2022-03-13T20:42:05.261395 #5724] DEBUG -- : MONGODB | rocklov-db:27017 req:5 conn:1:1 sconn:8 | rocklov.delete | STARTED | {"delete"=>"users", "ordered"=>true, "deletes"=>[{"q"=>{"email"=>"victoria@gmail.com"}, "limit"=>0}], "$db"=>"rocklov", "lsid"=>{"id"=><BSON::Binary:0x49780 type=uuid data=0x19af530bb59241ee...>}}
D, [2022-03-13T20:42:05.262070 #5724] DEBUG -- : MONGODB | rocklov-db:27017 req:5 | rocklov.delete | SUCCEEDED | 0.001s
D, [2022-03-16T10:37:20.381672 #168531] DEBUG -- : MONGODB | Topology type 'unknown' initializing.
D, [2022-03-16T10:37:20.382271 #168531] DEBUG -- : MONGODB | There was a change in the members of the 'Unknown' topology.
D, [2022-03-16T10:37:20.382430 #168531] DEBUG -- : MONGODB | Server rocklov-db:27017 initializing.
D, [2022-03-16T10:37:20.382737 #168531] DEBUG -- : MONGODB | Waiting for up to 30.00 seconds for servers to be scanned: #<Cluster topology=Unknown[rocklov-db:27017] servers=[#<Server address=rocklov-db:27017 UNKNOWN>]>
D, [2022-03-16T10:37:20.386508 #168531] DEBUG -- : MONGODB | Server description for rocklov-db:27017 changed from 'unknown' to 'standalone'.
D, [2022-03-16T10:37:20.386770 #168531] DEBUG -- : MONGODB | Topology type 'Unknown' changed to type 'Single'.
D, [2022-03-16T10:37:20.392907 #168531] DEBUG -- : MONGODB | rocklov-db:27017 req:5 conn:1:1 sconn:11 | rocklov.delete | STARTED | {"delete"=>"users", "ordered"=>true, "deletes"=>[{"q"=>{"email"=>"victoria@gmail.com"}, "limit"=>0}], "$db"=>"rocklov", "lsid"=>{"id"=><BSON::Binary:0x49780 type=uuid data=0xb5f1019716fe469c...>}}
D, [2022-03-16T10:37:20.402061 #168531] DEBUG -- : MONGODB | rocklov-db:27017 req:5 | rocklov.delete | SUCCEEDED | 0.009s
D, [2022-03-16T10:37:34.107842 #168580] DEBUG -- : MONGODB | Topology type 'unknown' initializing.
D, [2022-03-16T10:37:34.108466 #168580] DEBUG -- : MONGODB | There was a change in the members of the 'Unknown' topology.
D, [2022-03-16T10:37:34.108694 #168580] DEBUG -- : MONGODB | Server rocklov-db:27017 initializing.
D, [2022-03-16T10:37:34.109004 #168580] DEBUG -- : MONGODB | Waiting for up to 30.00 seconds for servers to be scanned: #<Cluster topology=Unknown[rocklov-db:27017] servers=[#<Server address=rocklov-db:27017 UNKNOWN>]>
D, [2022-03-16T10:37:34.116660 #168580] DEBUG -- : MONGODB | Server description for rocklov-db:27017 changed from 'unknown' to 'standalone'.
D, [2022-03-16T10:37:34.116953 #168580] DEBUG -- : MONGODB | Topology type 'Unknown' changed to type 'Single'.
D, [2022-03-16T10:37:34.120279 #168580] DEBUG -- : MONGODB | rocklov-db:27017 req:5 conn:1:1 sconn:13 | rocklov.delete | STARTED | {"delete"=>"users", "ordered"=>true, "deletes"=>[{"q"=>{"email"=>"victoria@gmail.com"}, "limit"=>0}], "$db"=>"rocklov", "lsid"=>{"id"=><BSON::Binary:0x49780 type=uuid data=0x6459092b8a0446ef...>}}
D, [2022-03-16T10:37:34.121565 #168580] DEBUG -- : MONGODB | rocklov-db:27017 req:5 | rocklov.delete | SUCCEEDED | 0.001s
D, [2022-03-16T10:48:29.478702 #169450] DEBUG -- : MONGODB | Topology type 'unknown' initializing.
D, [2022-03-16T10:48:29.479239 #169450] DEBUG -- : MONGODB | There was a change in the members of the 'Unknown' topology.
D, [2022-03-16T10:48:29.479447 #169450] DEBUG -- : MONGODB | Server rocklov-db:27017 initializing.
D, [2022-03-16T10:48:29.479696 #169450] DEBUG -- : MONGODB | Waiting for up to 30.00 seconds for servers to be scanned: #<Cluster topology=Unknown[rocklov-db:27017] servers=[#<Server address=rocklov-db:27017 UNKNOWN>]>
D, [2022-03-16T10:48:29.484407 #169450] DEBUG -- : MONGODB | Server description for rocklov-db:27017 changed from 'unknown' to 'standalone'.
D, [2022-03-16T10:48:29.484640 #169450] DEBUG -- : MONGODB | Topology type 'Unknown' changed to type 'Single'.
D, [2022-03-16T10:48:29.488784 #169450] DEBUG -- : MONGODB | rocklov-db:27017 req:5 conn:1:1 sconn:20 | rocklov.delete | STARTED | {"delete"=>"users", "ordered"=>true, "deletes"=>[{"q"=>{"email"=>"victoria@gmail.com"}, "limit"=>0}], "$db"=>"rocklov", "lsid"=>{"id"=><BSON::Binary:0x49780 type=uuid data=0xa773aea4192144bd...>}}
D, [2022-03-16T10:48:29.490574 #169450] DEBUG -- : MONGODB | rocklov-db:27017 req:5 | rocklov.delete | SUCCEEDED | 0.002s
D, [2022-03-16T10:52:19.595850 #169587] DEBUG -- : MONGODB | Topology type 'unknown' initializing.
D, [2022-03-16T10:52:19.596164 #169587] DEBUG -- : MONGODB | There was a change in the members of the 'Unknown' topology.
D, [2022-03-16T10:52:19.596441 #169587] DEBUG -- : MONGODB | Server rocklov-db:27017 initializing.
D, [2022-03-16T10:52:19.596756 #169587] DEBUG -- : MONGODB | Waiting for up to 30.00 seconds for servers to be scanned: #<Cluster topology=Unknown[rocklov-db:27017] servers=[#<Server address=rocklov-db:27017 UNKNOWN>]>
D, [2022-03-16T10:52:19.617564 #169587] DEBUG -- : MONGODB | Server description for rocklov-db:27017 changed from 'unknown' to 'standalone'.
D, [2022-03-16T10:52:19.617829 #169587] DEBUG -- : MONGODB | Topology type 'Unknown' changed to type 'Single'.
D, [2022-03-16T10:52:19.628221 #169587] DEBUG -- : MONGODB | rocklov-db:27017 req:5 conn:1:1 sconn:22 | rocklov.delete | STARTED | {"delete"=>"users", "ordered"=>true, "deletes"=>[{"q"=>{"email"=>"victoria@gmail.com"}, "limit"=>0}], "$db"=>"rocklov", "lsid"=>{"id"=><BSON::Binary:0x49780 type=uuid data=0x724ad65b38564103...>}}
D, [2022-03-16T10:52:19.629797 #169587] DEBUG -- : MONGODB | rocklov-db:27017 req:5 | rocklov.delete | SUCCEEDED | 0.001s
D, [2022-03-16T10:52:41.284999 #169646] DEBUG -- : MONGODB | Topology type 'unknown' initializing.
D, [2022-03-16T10:52:41.285720 #169646] DEBUG -- : MONGODB | There was a change in the members of the 'Unknown' topology.
D, [2022-03-16T10:52:41.285961 #169646] DEBUG -- : MONGODB | Server rocklov-db:27017 initializing.
D, [2022-03-16T10:52:41.286281 #169646] DEBUG -- : MONGODB | Waiting for up to 30.00 seconds for servers to be scanned: #<Cluster topology=Unknown[rocklov-db:27017] servers=[#<Server address=rocklov-db:27017 UNKNOWN>]>
D, [2022-03-16T10:52:41.292439 #169646] DEBUG -- : MONGODB | Server description for rocklov-db:27017 changed from 'unknown' to 'standalone'.
D, [2022-03-16T10:52:41.292757 #169646] DEBUG -- : MONGODB | Topology type 'Unknown' changed to type 'Single'.
D, [2022-03-16T10:52:41.296164 #169646] DEBUG -- : MONGODB | rocklov-db:27017 req:5 conn:1:1 sconn:24 | rocklov.delete | STARTED | {"delete"=>"users", "ordered"=>true, "deletes"=>[{"q"=>{"email"=>"victoria@gmail.com"}, "limit"=>0}], "$db"=>"rocklov", "lsid"=>{"id"=><BSON::Binary:0x49780 type=uuid data=0xd3eb999a9aa74a09...>}}
D, [2022-03-16T10:52:41.297109 #169646] DEBUG -- : MONGODB | rocklov-db:27017 req:5 | rocklov.delete | SUCCEEDED | 0.001s
D, [2022-03-16T11:19:01.077692 #171243] DEBUG -- : MONGODB | Topology type 'unknown' initializing.
D, [2022-03-16T11:19:01.078320 #171243] DEBUG -- : MONGODB | There was a change in the members of the 'Unknown' topology.
D, [2022-03-16T11:19:01.078573 #171243] DEBUG -- : MONGODB | Server rocklov-db:27017 initializing.
D, [2022-03-16T11:19:01.078950 #171243] DEBUG -- : MONGODB | Waiting for up to 30.00 seconds for servers to be scanned: #<Cluster topology=Unknown[rocklov-db:27017] servers=[#<Server address=rocklov-db:27017 UNKNOWN>]>
D, [2022-03-16T11:19:01.081979 #171243] DEBUG -- : MONGODB | Server description for rocklov-db:27017 changed from 'unknown' to 'standalone'.
D, [2022-03-16T11:19:01.082216 #171243] DEBUG -- : MONGODB | Topology type 'Unknown' changed to type 'Single'.
D, [2022-03-16T11:19:01.087748 #171243] DEBUG -- : MONGODB | rocklov-db:27017 req:5 conn:1:1 sconn:27 | rocklov.delete | STARTED | {"delete"=>"users", "ordered"=>true, "deletes"=>[{"q"=>{"email"=>"victoria@gmail.com"}, "limit"=>0}], "$db"=>"rocklov", "lsid"=>{"id"=><BSON::Binary:0x49800 type=uuid data=0xc8b8e7e78c8349fb...>}}
D, [2022-03-16T11:19:01.089433 #171243] DEBUG -- : MONGODB | rocklov-db:27017 req:5 | rocklov.delete | SUCCEEDED | 0.001s
D, [2022-03-16T11:24:32.293001 #171439] DEBUG -- : MONGODB | Topology type 'unknown' initializing.
D, [2022-03-16T11:24:32.293382 #171439] DEBUG -- : MONGODB | There was a change in the members of the 'Unknown' topology.
D, [2022-03-16T11:24:32.293680 #171439] DEBUG -- : MONGODB | Server rocklov-db:27017 initializing.
D, [2022-03-16T11:24:32.294008 #171439] DEBUG -- : MONGODB | Waiting for up to 30.00 seconds for servers to be scanned: #<Cluster topology=Unknown[rocklov-db:27017] servers=[#<Server address=rocklov-db:27017 UNKNOWN>]>
D, [2022-03-16T11:24:32.301672 #171439] DEBUG -- : MONGODB | Server description for rocklov-db:27017 changed from 'unknown' to 'standalone'.
D, [2022-03-16T11:24:32.302231 #171439] DEBUG -- : MONGODB | Topology type 'Unknown' changed to type 'Single'.
D, [2022-03-16T11:24:32.306644 #171439] DEBUG -- : MONGODB | rocklov-db:27017 req:5 conn:1:1 sconn:29 | rocklov.delete | STARTED | {"delete"=>"users", "ordered"=>true, "deletes"=>[{"q"=>{"email"=>"victoria@gmail.com"}, "limit"=>0}], "$db"=>"rocklov", "lsid"=>{"id"=><BSON::Binary:0x49800 type=uuid data=0xf150b6c18ac64bc7...>}}
D, [2022-03-16T11:24:32.307671 #171439] DEBUG -- : MONGODB | rocklov-db:27017 req:5 | rocklov.delete | SUCCEEDED | 0.001s
D, [2022-03-16T14:12:01.714687 #178447] DEBUG -- : MONGODB | Topology type 'unknown' initializing.
D, [2022-03-16T14:12:01.715477 #178447] DEBUG -- : MONGODB | There was a change in the members of the 'Unknown' topology.
D, [2022-03-16T14:12:01.715627 #178447] DEBUG -- : MONGODB | Server rocklov-db:27017 initializing.
D, [2022-03-16T14:12:01.716687 #178447] DEBUG -- : MONGODB | Waiting for up to 30.00 seconds for servers to be scanned: #<Cluster topology=Unknown[rocklov-db:27017] servers=[#<Server address=rocklov-db:27017 UNKNOWN>]>
D, [2022-03-16T14:12:01.721966 #178447] DEBUG -- : MONGODB | Server description for rocklov-db:27017 changed from 'unknown' to 'standalone'.
D, [2022-03-16T14:12:01.722426 #178447] DEBUG -- : MONGODB | Topology type 'Unknown' changed to type 'Single'.
D, [2022-03-16T14:12:01.726325 #178447] DEBUG -- : MONGODB | rocklov-db:27017 req:5 conn:1:1 sconn:32 | rocklov.delete | STARTED | {"delete"=>"users", "ordered"=>true, "deletes"=>[{"q"=>{"email"=>"victoria@gmail.com"}, "limit"=>0}], "$db"=>"rocklov", "lsid"=>{"id"=><BSON::Binary:0x49820 type=uuid data=0xa1e88939550f4e8b...>}}
D, [2022-03-16T14:12:01.727262 #178447] DEBUG -- : MONGODB | rocklov-db:27017 req:5 | rocklov.delete | SUCCEEDED | 0.001s
D, [2022-03-16T14:12:21.524183 #178490] DEBUG -- : MONGODB | Topology type 'unknown' initializing.
D, [2022-03-16T14:12:21.524660 #178490] DEBUG -- : MONGODB | There was a change in the members of the 'Unknown' topology.
D, [2022-03-16T14:12:21.524821 #178490] DEBUG -- : MONGODB | Server rocklov-db:27017 initializing.
D, [2022-03-16T14:12:21.525117 #178490] DEBUG -- : MONGODB | Waiting for up to 30.00 seconds for servers to be scanned: #<Cluster topology=Unknown[rocklov-db:27017] servers=[#<Server address=rocklov-db:27017 UNKNOWN>]>
D, [2022-03-16T14:12:21.528674 #178490] DEBUG -- : MONGODB | Server description for rocklov-db:27017 changed from 'unknown' to 'standalone'.
D, [2022-03-16T14:12:21.529116 #178490] DEBUG -- : MONGODB | Topology type 'Unknown' changed to type 'Single'.
D, [2022-03-16T14:12:21.534917 #178490] DEBUG -- : MONGODB | rocklov-db:27017 req:5 conn:1:1 sconn:34 | rocklov.delete | STARTED | {"delete"=>"users", "ordered"=>true, "deletes"=>[{"q"=>{"email"=>"victoria@gmail.com"}, "limit"=>0}], "$db"=>"rocklov", "lsid"=>{"id"=><BSON::Binary:0x49820 type=uuid data=0x57145f21d0b84895...>}}
D, [2022-03-16T14:12:21.537128 #178490] DEBUG -- : MONGODB | rocklov-db:27017 req:5 | rocklov.delete | SUCCEEDED | 0.002s
D, [2022-03-16T14:18:16.090299 #178791] DEBUG -- : MONGODB | Topology type 'unknown' initializing.
D, [2022-03-16T14:18:16.091587 #178791] DEBUG -- : MONGODB | There was a change in the members of the 'Unknown' topology.
D, [2022-03-16T14:18:16.091868 #178791] DEBUG -- : MONGODB | Server rocklov-db:27017 initializing.
D, [2022-03-16T14:18:16.092259 #178791] DEBUG -- : MONGODB | Waiting for up to 30.00 seconds for servers to be scanned: #<Cluster topology=Unknown[rocklov-db:27017] servers=[#<Server address=rocklov-db:27017 UNKNOWN>]>
D, [2022-03-16T14:18:16.099621 #178791] DEBUG -- : MONGODB | Server description for rocklov-db:27017 changed from 'unknown' to 'standalone'.
D, [2022-03-16T14:18:16.099940 #178791] DEBUG -- : MONGODB | Topology type 'Unknown' changed to type 'Single'.
D, [2022-03-16T14:18:16.106776 #178791] DEBUG -- : MONGODB | rocklov-db:27017 req:5 conn:1:1 sconn:36 | rocklov.delete | STARTED | {"delete"=>"users", "ordered"=>true, "deletes"=>[{"q"=>{"email"=>"victoria@gmail.com"}, "limit"=>0}], "$db"=>"rocklov", "lsid"=>{"id"=><BSON::Binary:0x49840 type=uuid data=0x9faafe2c86644666...>}}
D, [2022-03-16T14:18:16.107729 #178791] DEBUG -- : MONGODB | rocklov-db:27017 req:5 | rocklov.delete | SUCCEEDED | 0.001s
D, [2022-03-16T14:22:06.479889 #179017] DEBUG -- : MONGODB | Topology type 'unknown' initializing.
D, [2022-03-16T14:22:06.480230 #179017] DEBUG -- : MONGODB | There was a change in the members of the 'Unknown' topology.
D, [2022-03-16T14:22:06.480452 #179017] DEBUG -- : MONGODB | Server rocklov-db:27017 initializing.
D, [2022-03-16T14:22:06.480750 #179017] DEBUG -- : MONGODB | Waiting for up to 30.00 seconds for servers to be scanned: #<Cluster topology=Unknown[rocklov-db:27017] servers=[#<Server address=rocklov-db:27017 UNKNOWN>]>
D, [2022-03-16T14:22:06.483875 #179017] DEBUG -- : MONGODB | Server description for rocklov-db:27017 changed from 'unknown' to 'standalone'.
D, [2022-03-16T14:22:06.484105 #179017] DEBUG -- : MONGODB | Topology type 'Unknown' changed to type 'Single'.
D, [2022-03-16T14:22:06.486601 #179017] DEBUG -- : MONGODB | rocklov-db:27017 req:5 conn:1:1 sconn:38 | rocklov.delete | STARTED | {"delete"=>"users", "ordered"=>true, "deletes"=>[{"q"=>{"email"=>"victoria@gmail.com"}, "limit"=>0}], "$db"=>"rocklov", "lsid"=>{"id"=><BSON::Binary:0x49860 type=uuid data=0x93529c6b99454e15...>}}
D, [2022-03-16T14:22:06.487556 #179017] DEBUG -- : MONGODB | rocklov-db:27017 req:5 | rocklov.delete | SUCCEEDED | 0.001s
D, [2022-03-16T16:44:54.998844 #184807] DEBUG -- : MONGODB | Topology type 'unknown' initializing.
D, [2022-03-16T16:44:54.999322 #184807] DEBUG -- : MONGODB | There was a change in the members of the 'Unknown' topology.
D, [2022-03-16T16:44:54.999481 #184807] DEBUG -- : MONGODB | Server rocklov-db:27017 initializing.
D, [2022-03-16T16:44:54.999730 #184807] DEBUG -- : MONGODB | Waiting for up to 30.00 seconds for servers to be scanned: #<Cluster topology=Unknown[rocklov-db:27017] servers=[#<Server address=rocklov-db:27017 UNKNOWN>]>
D, [2022-03-16T16:44:55.006881 #184807] DEBUG -- : MONGODB | Server description for rocklov-db:27017 changed from 'unknown' to 'standalone'.
D, [2022-03-16T16:44:55.007210 #184807] DEBUG -- : MONGODB | Topology type 'Unknown' changed to type 'Single'.
D, [2022-03-16T16:44:55.013442 #184807] DEBUG -- : MONGODB | rocklov-db:27017 req:5 conn:1:1 sconn:43 | rocklov.delete | STARTED | {"delete"=>"equipos", "ordered"=>true, "deletes"=>[{"q"=>{"name"=>"Acordeon Leticce", "user"=>BSON::ObjectId('6232370a86fd140028cafd7b')}, "limit"=>0}], "$db"=>"rocklov", "lsid"=>{"id"=><BSON::Binary:0x50420 type=uuid data=0x21cf8723d42042a6...>}}
D, [2022-03-16T16:44:55.014295 #184807] DEBUG -- : MONGODB | rocklov-db:27017 req:5 | rocklov.delete | SUCCEEDED | 0.001s
D, [2022-03-16T16:46:16.706836 #184882] DEBUG -- : MONGODB | Topology type 'unknown' initializing.
D, [2022-03-16T16:46:16.707206 #184882] DEBUG -- : MONGODB | There was a change in the members of the 'Unknown' topology.
D, [2022-03-16T16:46:16.707316 #184882] DEBUG -- : MONGODB | Server rocklov-db:27017 initializing.
D, [2022-03-16T16:46:16.707503 #184882] DEBUG -- : MONGODB | Waiting for up to 30.00 seconds for servers to be scanned: #<Cluster topology=Unknown[rocklov-db:27017] servers=[#<Server address=rocklov-db:27017 UNKNOWN>]>
D, [2022-03-16T16:46:16.711247 #184882] DEBUG -- : MONGODB | Server description for rocklov-db:27017 changed from 'unknown' to 'standalone'.
D, [2022-03-16T16:46:16.711596 #184882] DEBUG -- : MONGODB | Topology type 'Unknown' changed to type 'Single'.
D, [2022-03-16T16:46:16.716072 #184882] DEBUG -- : MONGODB | rocklov-db:27017 req:5 conn:1:1 sconn:45 | rocklov.delete | STARTED | {"delete"=>"equipos", "ordered"=>true, "deletes"=>[{"q"=>{"name"=>"Acordeon Leticce", "user"=>BSON::ObjectId('6232370a86fd140028cafd7b')}, "limit"=>0}], "$db"=>"rocklov", "lsid"=>{"id"=><BSON::Binary:0x50420 type=uuid data=0x468af7d1784c4efe...>}}
D, [2022-03-16T16:46:16.717380 #184882] DEBUG -- : MONGODB | rocklov-db:27017 req:5 | rocklov.delete | SUCCEEDED | 0.001s
D, [2022-03-16T16:46:18.610572 #184898] DEBUG -- : MONGODB | Topology type 'unknown' initializing.
D, [2022-03-16T16:46:18.613684 #184898] DEBUG -- : MONGODB | There was a change in the members of the 'Unknown' topology.
D, [2022-03-16T16:46:18.613862 #184898] DEBUG -- : MONGODB | Server rocklov-db:27017 initializing.
D, [2022-03-16T16:46:18.614869 #184898] DEBUG -- : MONGODB | Waiting for up to 30.00 seconds for servers to be scanned: #<Cluster topology=Unknown[rocklov-db:27017] servers=[#<Server address=rocklov-db:27017 UNKNOWN>]>
D, [2022-03-16T16:46:18.620846 #184898] DEBUG -- : MONGODB | Server description for rocklov-db:27017 changed from 'unknown' to 'standalone'.
D, [2022-03-16T16:46:18.621147 #184898] DEBUG -- : MONGODB | Topology type 'Unknown' changed to type 'Single'.
D, [2022-03-16T16:46:18.625102 #184898] DEBUG -- : MONGODB | rocklov-db:27017 req:5 conn:1:1 sconn:47 | rocklov.delete | STARTED | {"delete"=>"equipos", "ordered"=>true, "deletes"=>[{"q"=>{"name"=>"Acordeon Leticce", "user"=>BSON::ObjectId('6232370a86fd140028cafd7b')}, "limit"=>0}], "$db"=>"rocklov", "lsid"=>{"id"=><BSON::Binary:0x50420 type=uuid data=0x9f2317bd3ebc4866...>}}
D, [2022-03-16T16:46:18.626303 #184898] DEBUG -- : MONGODB | rocklov-db:27017 req:5 | rocklov.delete | SUCCEEDED | 0.001s
D, [2022-03-16T16:46:20.411007 #184918] DEBUG -- : MONGODB | Topology type 'unknown' initializing.
D, [2022-03-16T16:46:20.411360 #184918] DEBUG -- : MONGODB | There was a change in the members of the 'Unknown' topology.
D, [2022-03-16T16:46:20.411584 #184918] DEBUG -- : MONGODB | Server rocklov-db:27017 initializing.
D, [2022-03-16T16:46:20.411874 #184918] DEBUG -- : MONGODB | Waiting for up to 30.00 seconds for servers to be scanned: #<Cluster topology=Unknown[rocklov-db:27017] servers=[#<Server address=rocklov-db:27017 UNKNOWN>]>
D, [2022-03-16T16:46:20.416617 #184918] DEBUG -- : MONGODB | Server description for rocklov-db:27017 changed from 'unknown' to 'standalone'.
D, [2022-03-16T16:46:20.417063 #184918] DEBUG -- : MONGODB | Topology type 'Unknown' changed to type 'Single'.
D, [2022-03-16T16:46:20.422761 #184918] DEBUG -- : MONGODB | rocklov-db:27017 req:5 conn:1:1 sconn:49 | rocklov.delete | STARTED | {"delete"=>"equipos", "ordered"=>true, "deletes"=>[{"q"=>{"name"=>"Acordeon Leticce", "user"=>BSON::ObjectId('6232370a86fd140028cafd7b')}, "limit"=>0}], "$db"=>"rocklov", "lsid"=>{"id"=><BSON::Binary:0x50420 type=uuid data=0x1e57045101ae4151...>}}
D, [2022-03-16T16:46:20.423634 #184918] DEBUG -- : MONGODB | rocklov-db:27017 req:5 | rocklov.delete | SUCCEEDED | 0.001s
D, [2022-03-16T18:01:28.284914 #186815] DEBUG -- : MONGODB | Topology type 'unknown' initializing.
D, [2022-03-16T18:01:28.286808 #186815] DEBUG -- : MONGODB | There was a change in the members of the 'Unknown' topology.
D, [2022-03-16T18:01:28.286986 #186815] DEBUG -- : MONGODB | Server rocklov-db:27017 initializing.
D, [2022-03-16T18:01:28.287241 #186815] DEBUG -- : MONGODB | Waiting for up to 30.00 seconds for servers to be scanned: #<Cluster topology=Unknown[rocklov-db:27017] servers=[#<Server address=rocklov-db:27017 UNKNOWN>]>
D, [2022-03-16T18:01:28.290062 #186815] DEBUG -- : MONGODB | Server description for rocklov-db:27017 changed from 'unknown' to 'standalone'.
D, [2022-03-16T18:01:28.290317 #186815] DEBUG -- : MONGODB | Topology type 'Unknown' changed to type 'Single'.
D, [2022-03-16T18:01:28.295528 #186815] DEBUG -- : MONGODB | rocklov-db:27017 req:5 conn:1:1 sconn:52 | rocklov.delete | STARTED | {"delete"=>"equipos", "ordered"=>true, "deletes"=>[{"q"=>{"name"=>"Acordeon Leticce", "user"=>BSON::ObjectId('6232370a86fd140028cafd7b')}, "limit"=>0}], "$db"=>"rocklov", "lsid"=>{"id"=><BSON::Binary:0x50440 type=uuid data=0xf797e38fb52d4b8d...>}}
D, [2022-03-16T18:01:28.296558 #186815] DEBUG -- : MONGODB | rocklov-db:27017 req:5 | rocklov.delete | SUCCEEDED | 0.001s
D, [2022-03-16T19:01:57.108559 #188287] DEBUG -- : MONGODB | Topology type 'unknown' initializing.
D, [2022-03-16T19:01:57.109106 #188287] DEBUG -- : MONGODB | There was a change in the members of the 'Unknown' topology.
D, [2022-03-16T19:01:57.109352 #188287] DEBUG -- : MONGODB | Server rocklov-db:27017 initializing.
D, [2022-03-16T19:01:57.109688 #188287] DEBUG -- : MONGODB | Waiting for up to 30.00 seconds for servers to be scanned: #<Cluster topology=Unknown[rocklov-db:27017] servers=[#<Server address=rocklov-db:27017 UNKNOWN>]>
D, [2022-03-16T19:01:57.113376 #188287] DEBUG -- : MONGODB | Server description for rocklov-db:27017 changed from 'unknown' to 'standalone'.
D, [2022-03-16T19:01:57.113727 #188287] DEBUG -- : MONGODB | Topology type 'Unknown' changed to type 'Single'.
D, [2022-03-16T19:01:57.117508 #188287] DEBUG -- : MONGODB | rocklov-db:27017 req:5 conn:1:1 sconn:55 | rocklov.delete | STARTED | {"delete"=>"equipos", "ordered"=>true, "deletes"=>[{"q"=>{"name"=>"Acordeon Leticce", "user"=>BSON::ObjectId('6232370a86fd140028cafd7b')}, "limit"=>0}], "$db"=>"rocklov", "lsid"=>{"id"=><BSON::Binary:0x50440 type=uuid data=0xf2c8ed94e2194f9c...>}}
D, [2022-03-16T19:01:57.119118 #188287] DEBUG -- : MONGODB | rocklov-db:27017 req:5 | rocklov.delete | SUCCEEDED | 0.001s
D, [2022-03-16T20:43:09.925969 #192877] DEBUG -- : MONGODB | Topology type 'unknown' initializing.
D, [2022-03-16T20:43:09.926286 #192877] DEBUG -- : MONGODB | There was a change in the members of the 'Unknown' topology.
D, [2022-03-16T20:43:09.926417 #192877] DEBUG -- : MONGODB | Server rocklov-db:27017 initializing.
D, [2022-03-16T20:43:09.926739 #192877] DEBUG -- : MONGODB | Waiting for up to 30.00 seconds for servers to be scanned: #<Cluster topology=Unknown[rocklov-db:27017] servers=[#<Server address=rocklov-db:27017 UNKNOWN>]>
D, [2022-03-16T20:43:09.949660 #192877] DEBUG -- : MONGODB | Server description for rocklov-db:27017 changed from 'unknown' to 'standalone'.
D, [2022-03-16T20:43:09.949927 #192877] DEBUG -- : MONGODB | Topology type 'Unknown' changed to type 'Single'.
D, [2022-03-16T20:43:09.973872 #192877] DEBUG -- : MONGODB | rocklov-db:27017 req:5 conn:1:1 sconn:66 | rocklov.delete | STARTED | {"delete"=>"equipos", "ordered"=>true, "deletes"=>[{"q"=>{"name"=>"Violão Clássico 7 Cordas", "user"=>BSON::ObjectId('6232370a86fd140028cafd7b')}, "limit"=>0}], "$db"=>"rocklov", "lsid"=>{"id"=><BSON::Binary:0x50420 type=uuid data=0x2e4466152c7a4298.....
D, [2022-03-16T20:43:09.974759 #192877] DEBUG -- : MONGODB | rocklov-db:27017 req:5 | rocklov.delete | SUCCEEDED | 0.001s
D, [2022-03-16T20:44:03.410217 #192945] DEBUG -- : MONGODB | Topology type 'unknown' initializing.
D, [2022-03-16T20:44:03.410509 #192945] DEBUG -- : MONGODB | There was a change in the members of the 'Unknown' topology.
D, [2022-03-16T20:44:03.410624 #192945] DEBUG -- : MONGODB | Server rocklov-db:27017 initializing.
D, [2022-03-16T20:44:03.410936 #192945] DEBUG -- : MONGODB | Waiting for up to 30.00 seconds for servers to be scanned: #<Cluster topology=Unknown[rocklov-db:27017] servers=[#<Server address=rocklov-db:27017 UNKNOWN>]>
D, [2022-03-16T20:44:03.413870 #192945] DEBUG -- : MONGODB | Server description for rocklov-db:27017 changed from 'unknown' to 'standalone'.
D, [2022-03-16T20:44:03.414123 #192945] DEBUG -- : MONGODB | Topology type 'Unknown' changed to type 'Single'.
D, [2022-03-16T20:44:03.419366 #192945] DEBUG -- : MONGODB | rocklov-db:27017 req:5 conn:1:1 sconn:68 | rocklov.delete | STARTED | {"delete"=>"equipos", "ordered"=>true, "deletes"=>[{"q"=>{"name"=>"Violão Clássico 7 Cordas", "user"=>BSON::ObjectId('6232370a86fd140028cafd7b')}, "limit"=>0}], "$db"=>"rocklov", "lsid"=>{"id"=><BSON::Binary:0x50420 type=uuid data=0x0e82395c72f24a8a.....
D, [2022-03-16T20:44:03.420375 #192945] DEBUG -- : MONGODB | rocklov-db:27017 req:5 | rocklov.delete | SUCCEEDED | 0.001s
D, [2022-03-16T20:47:24.728230 #193120] DEBUG -- : MONGODB | Topology type 'unknown' initializing.
D, [2022-03-16T20:47:24.728662 #193120] DEBUG -- : MONGODB | There was a change in the members of the 'Unknown' topology.
D, [2022-03-16T20:47:24.728800 #193120] DEBUG -- : MONGODB | Server rocklov-db:27017 initializing.
D, [2022-03-16T20:47:24.729085 #193120] DEBUG -- : MONGODB | Waiting for up to 30.00 seconds for servers to be scanned: #<Cluster topology=Unknown[rocklov-db:27017] servers=[#<Server address=rocklov-db:27017 UNKNOWN>]>
D, [2022-03-16T20:47:24.733977 #193120] DEBUG -- : MONGODB | Server description for rocklov-db:27017 changed from 'unknown' to 'standalone'.
D, [2022-03-16T20:47:24.734288 #193120] DEBUG -- : MONGODB | Topology type 'Unknown' changed to type 'Single'.
D, [2022-03-16T20:47:24.740236 #193120] DEBUG -- : MONGODB | rocklov-db:27017 req:5 conn:1:1 sconn:70 | rocklov.delete | STARTED | {"delete"=>"equipos", "ordered"=>true, "deletes"=>[{"q"=>{"name"=>"Violão Clássico 7 Cordas", "user"=>BSON::ObjectId('6232370a86fd140028cafd7b')}, "limit"=>0}], "$db"=>"rocklov", "lsid"=>{"id"=><BSON::Binary:0x50420 type=uuid data=0x7a6e261b5cee4160.....
D, [2022-03-16T20:47:24.741102 #193120] DEBUG -- : MONGODB | rocklov-db:27017 req:5 | rocklov.delete | SUCCEEDED | 0.001s
D, [2022-03-16T20:49:33.285391 #193256] DEBUG -- : MONGODB | Topology type 'unknown' initializing.
D, [2022-03-16T20:49:33.285725 #193256] DEBUG -- : MONGODB | There was a change in the members of the 'Unknown' topology.
D, [2022-03-16T20:49:33.285853 #193256] DEBUG -- : MONGODB | Server rocklov-db:27017 initializing.
D, [2022-03-16T20:49:33.286057 #193256] DEBUG -- : MONGODB | Waiting for up to 30.00 seconds for servers to be scanned: #<Cluster topology=Unknown[rocklov-db:27017] servers=[#<Server address=rocklov-db:27017 UNKNOWN>]>
D, [2022-03-16T20:49:33.289931 #193256] DEBUG -- : MONGODB | Server description for rocklov-db:27017 changed from 'unknown' to 'standalone'.
D, [2022-03-16T20:49:33.290183 #193256] DEBUG -- : MONGODB | Topology type 'Unknown' changed to type 'Single'.
D, [2022-03-16T20:49:33.293930 #193256] DEBUG -- : MONGODB | rocklov-db:27017 req:5 conn:1:1 sconn:72 | rocklov.delete | STARTED | {"delete"=>"equipos", "ordered"=>true, "deletes"=>[{"q"=>{"name"=>"Violao Classico 7 Cordas", "user"=>BSON::ObjectId('6232370a86fd140028cafd7b')}, "limit"=>0}], "$db"=>"rocklov", "lsid"=>{"id"=><BSON::Binary:0x50420 type=uuid data=0xbc39f8bb8da841b3.....
D, [2022-03-16T20:49:33.296390 #193256] DEBUG -- : MONGODB | rocklov-db:27017 req:5 | rocklov.delete | SUCCEEDED | 0.002s
D, [2022-03-16T20:53:12.510278 #193465] DEBUG -- : MONGODB | Topology type 'unknown' initializing.
D, [2022-03-16T20:53:12.511060 #193465] DEBUG -- : MONGODB | There was a change in the members of the 'Unknown' topology.
D, [2022-03-16T20:53:12.511277 #193465] DEBUG -- : MONGODB | Server rocklov-db:27017 initializing.
D, [2022-03-16T20:53:12.511661 #193465] DEBUG -- : MONGODB | Waiting for up to 30.00 seconds for servers to be scanned: #<Cluster topology=Unknown[rocklov-db:27017] servers=[#<Server address=rocklov-db:27017 UNKNOWN>]>
D, [2022-03-16T20:53:12.515703 #193465] DEBUG -- : MONGODB | Server description for rocklov-db:27017 changed from 'unknown' to 'standalone'.
D, [2022-03-16T20:53:12.515981 #193465] DEBUG -- : MONGODB | Topology type 'Unknown' changed to type 'Single'.
D, [2022-03-16T20:53:12.520468 #193465] DEBUG -- : MONGODB | rocklov-db:27017 req:5 conn:1:1 sconn:74 | rocklov.delete | STARTED | {"delete"=>"equipos", "ordered"=>true, "deletes"=>[{"q"=>{"name"=>"Violao Classico 7 Cordas", "user"=>BSON::ObjectId('6232370a86fd140028cafd7b')}, "limit"=>0}], "$db"=>"rocklov", "lsid"=>{"id"=><BSON::Binary:0x50420 type=uuid data=0xeaf8580988c34ec6.....
D, [2022-03-16T20:53:12.521799 #193465] DEBUG -- : MONGODB | rocklov-db:27017 req:5 | rocklov.delete | SUCCEEDED | 0.001s
D, [2022-03-16T20:53:30.383567 #193503] DEBUG -- : MONGODB | Topology type 'unknown' initializing.
D, [2022-03-16T20:53:30.384075 #193503] DEBUG -- : MONGODB | There was a change in the members of the 'Unknown' topology.
D, [2022-03-16T20:53:30.384372 #193503] DEBUG -- : MONGODB | Server rocklov-db:27017 initializing.
D, [2022-03-16T20:53:30.384838 #193503] DEBUG -- : MONGODB | Waiting for up to 30.00 seconds for servers to be scanned: #<Cluster topology=Unknown[rocklov-db:27017] servers=[#<Server address=rocklov-db:27017 UNKNOWN>]>
D, [2022-03-16T20:53:30.392179 #193503] DEBUG -- : MONGODB | Server description for rocklov-db:27017 changed from 'unknown' to 'standalone'.
D, [2022-03-16T20:53:30.392735 #193503] DEBUG -- : MONGODB | Topology type 'Unknown' changed to type 'Single'.
D, [2022-03-16T20:53:30.396161 #193503] DEBUG -- : MONGODB | rocklov-db:27017 req:5 conn:1:1 sconn:76 | rocklov.delete | STARTED | {"delete"=>"equipos", "ordered"=>true, "deletes"=>[{"q"=>{"name"=>"Violao Classico 7 Cordas", "user"=>BSON::ObjectId('6232370a86fd140028cafd7b')}, "limit"=>0}], "$db"=>"rocklov", "lsid"=>{"id"=><BSON::Binary:0x50420 type=uuid data=0x40dff80c4fbb47cb.....
D, [2022-03-16T20:53:30.397155 #193503] DEBUG -- : MONGODB | rocklov-db:27017 req:5 | rocklov.delete | SUCCEEDED | 0.001s
D, [2022-03-16T20:59:12.358725 #193762] DEBUG -- : MONGODB | Topology type 'unknown' initializing.
D, [2022-03-16T20:59:12.359137 #193762] DEBUG -- : MONGODB | There was a change in the members of the 'Unknown' topology.
D, [2022-03-16T20:59:12.359297 #193762] DEBUG -- : MONGODB | Server rocklov-db:27017 initializing.
D, [2022-03-16T20:59:12.359626 #193762] DEBUG -- : MONGODB | Waiting for up to 30.00 seconds for servers to be scanned: #<Cluster topology=Unknown[rocklov-db:27017] servers=[#<Server address=rocklov-db:27017 UNKNOWN>]>
D, [2022-03-16T20:59:12.364623 #193762] DEBUG -- : MONGODB | Server description for rocklov-db:27017 changed from 'unknown' to 'standalone'.
D, [2022-03-16T20:59:12.364934 #193762] DEBUG -- : MONGODB | Topology type 'Unknown' changed to type 'Single'.
D, [2022-03-16T20:59:12.369987 #193762] DEBUG -- : MONGODB | rocklov-db:27017 req:5 conn:1:1 sconn:78 | rocklov.delete | STARTED | {"delete"=>"equipos", "ordered"=>true, "deletes"=>[{"q"=>{"name"=>"Violao Classico 7 Cordas", "user"=>BSON::ObjectId('6232370a86fd140028cafd7b')}, "limit"=>0}], "$db"=>"rocklov", "lsid"=>{"id"=><BSON::Binary:0x50440 type=uuid data=0x85a37831b8d8454c.....
D, [2022-03-16T20:59:12.371492 #193762] DEBUG -- : MONGODB | rocklov-db:27017 req:5 | rocklov.delete | SUCCEEDED | 0.001s
D, [2022-03-16T20:59:19.667737 #193800] DEBUG -- : MONGODB | Topology type 'unknown' initializing.
D, [2022-03-16T20:59:19.668103 #193800] DEBUG -- : MONGODB | There was a change in the members of the 'Unknown' topology.
D, [2022-03-16T20:59:19.668271 #193800] DEBUG -- : MONGODB | Server rocklov-db:27017 initializing.
D, [2022-03-16T20:59:19.669319 #193800] DEBUG -- : MONGODB | Waiting for up to 30.00 seconds for servers to be scanned: #<Cluster topology=Unknown[rocklov-db:27017] servers=[#<Server address=rocklov-db:27017 UNKNOWN>]>
D, [2022-03-16T20:59:19.674580 #193800] DEBUG -- : MONGODB | Server description for rocklov-db:27017 changed from 'unknown' to 'standalone'.
D, [2022-03-16T20:59:19.674858 #193800] DEBUG -- : MONGODB | Topology type 'Unknown' changed to type 'Single'.
D, [2022-03-16T20:59:19.681935 #193800] DEBUG -- : MONGODB | rocklov-db:27017 req:5 conn:1:1 sconn:80 | rocklov.delete | STARTED | {"delete"=>"equipos", "ordered"=>true, "deletes"=>[{"q"=>{"name"=>"Violao Classico 7 Cordas", "user"=>BSON::ObjectId('6232370a86fd140028cafd7b')}, "limit"=>0}], "$db"=>"rocklov", "lsid"=>{"id"=><BSON::Binary:0x50440 type=uuid data=0x8bdada41f9054f07.....
D, [2022-03-16T20:59:19.683004 #193800] DEBUG -- : MONGODB | rocklov-db:27017 req:5 | rocklov.delete | SUCCEEDED | 0.001s
D, [2022-03-16T20:59:51.904626 #193871] DEBUG -- : MONGODB | Topology type 'unknown' initializing.
D, [2022-03-16T20:59:51.905110 #193871] DEBUG -- : MONGODB | There was a change in the members of the 'Unknown' topology.
D, [2022-03-16T20:59:51.905281 #193871] DEBUG -- : MONGODB | Server rocklov-db:27017 initializing.
D, [2022-03-16T20:59:51.905607 #193871] DEBUG -- : MONGODB | Waiting for up to 30.00 seconds for servers to be scanned: #<Cluster topology=Unknown[rocklov-db:27017] servers=[#<Server address=rocklov-db:27017 UNKNOWN>]>
D, [2022-03-16T20:59:51.917687 #193871] DEBUG -- : MONGODB | Server description for rocklov-db:27017 changed from 'unknown' to 'standalone'.
D, [2022-03-16T20:59:51.918003 #193871] DEBUG -- : MONGODB | Topology type 'Unknown' changed to type 'Single'.
D, [2022-03-16T20:59:51.921704 #193871] DEBUG -- : MONGODB | rocklov-db:27017 req:5 conn:1:1 sconn:82 | rocklov.delete | STARTED | {"delete"=>"equipos", "ordered"=>true, "deletes"=>[{"q"=>{"name"=>"Violao Classico 7 Cordas", "user"=>BSON::ObjectId('6232370a86fd140028cafd7b')}, "limit"=>0}], "$db"=>"rocklov", "lsid"=>{"id"=><BSON::Binary:0x50440 type=uuid data=0xbafcbc7a3a254d17.....
D, [2022-03-16T20:59:51.922765 #193871] DEBUG -- : MONGODB | rocklov-db:27017 req:5 | rocklov.delete | SUCCEEDED | 0.001s
D, [2022-03-16T21:00:03.593897 #193914] DEBUG -- : MONGODB | Topology type 'unknown' initializing.
D, [2022-03-16T21:00:03.594346 #193914] DEBUG -- : MONGODB | There was a change in the members of the 'Unknown' topology.
D, [2022-03-16T21:00:03.594512 #193914] DEBUG -- : MONGODB | Server rocklov-db:27017 initializing.
D, [2022-03-16T21:00:03.594933 #193914] DEBUG -- : MONGODB | Waiting for up to 30.00 seconds for servers to be scanned: #<Cluster topology=Unknown[rocklov-db:27017] servers=[#<Server address=rocklov-db:27017 UNKNOWN>]>
D, [2022-03-16T21:00:03.600854 #193914] DEBUG -- : MONGODB | Server description for rocklov-db:27017 changed from 'unknown' to 'standalone'.
D, [2022-03-16T21:00:03.601149 #193914] DEBUG -- : MONGODB | Topology type 'Unknown' changed to type 'Single'.
D, [2022-03-16T21:00:03.605911 #193914] DEBUG -- : MONGODB | rocklov-db:27017 req:5 conn:1:1 sconn:84 | rocklov.delete | STARTED | {"delete"=>"equipos", "ordered"=>true, "deletes"=>[{"q"=>{"name"=>"Violao Classico 7 Cordas", "user"=>BSON::ObjectId('6232370a86fd140028cafd7b')}, "limit"=>0}], "$db"=>"rocklov", "lsid"=>{"id"=><BSON::Binary:0x50440 type=uuid data=0x7eb7606d6700406b.....
D, [2022-03-16T21:00:03.606948 #193914] DEBUG -- : MONGODB | rocklov-db:27017 req:5 | rocklov.delete | SUCCEEDED | 0.001s
D, [2022-03-16T21:00:03.655165 #193914] DEBUG -- : MONGODB | Topology type 'unknown' initializing.
D, [2022-03-16T21:00:03.655460 #193914] DEBUG -- : MONGODB | There was a change in the members of the 'Unknown' topology.
D, [2022-03-16T21:00:03.655626 #193914] DEBUG -- : MONGODB | Server rocklov-db:27017 initializing.
D, [2022-03-16T21:00:03.655936 #193914] DEBUG -- : MONGODB | Waiting for up to 30.00 seconds for servers to be scanned: #<Cluster topology=Unknown[rocklov-db:27017] servers=[#<Server address=rocklov-db:27017 UNKNOWN>]>
D, [2022-03-16T21:00:03.659043 #193914] DEBUG -- : MONGODB | Server description for rocklov-db:27017 changed from 'unknown' to 'standalone'.
D, [2022-03-16T21:00:03.659295 #193914] DEBUG -- : MONGODB | Topology type 'Unknown' changed to type 'Single'.
D, [2022-03-16T21:01:35.332248 #194082] DEBUG -- : MONGODB | Topology type 'unknown' initializing.
D, [2022-03-16T21:01:35.333954 #194082] DEBUG -- : MONGODB | There was a change in the members of the 'Unknown' topology.
D, [2022-03-16T21:01:35.334169 #194082] DEBUG -- : MONGODB | Server rocklov-db:27017 initializing.
D, [2022-03-16T21:01:35.334429 #194082] DEBUG -- : MONGODB | Waiting for up to 30.00 seconds for servers to be scanned: #<Cluster topology=Unknown[rocklov-db:27017] servers=[#<Server address=rocklov-db:27017 UNKNOWN>]>
D, [2022-03-16T21:01:35.340955 #194082] DEBUG -- : MONGODB | Server description for rocklov-db:27017 changed from 'unknown' to 'standalone'.
D, [2022-03-16T21:01:35.341200 #194082] DEBUG -- : MONGODB | Topology type 'Unknown' changed to type 'Single'.
D, [2022-03-16T21:01:35.344328 #194082] DEBUG -- : MONGODB | rocklov-db:27017 req:5 conn:1:1 sconn:87 | rocklov.delete | STARTED | {"delete"=>"equipos", "ordered"=>true, "deletes"=>[{"q"=>{"name"=>"Violao Classico 7 Cordas", "user"=>BSON::ObjectId('6232370a86fd140028cafd7b')}, "limit"=>0}], "$db"=>"rocklov", "lsid"=>{"id"=><BSON::Binary:0x50440 type=uuid data=0x8f9789803dbf4d73.....
D, [2022-03-16T21:01:35.345086 #194082] DEBUG -- : MONGODB | rocklov-db:27017 req:5 | rocklov.delete | SUCCEEDED | 0.001s
D, [2022-03-16T21:01:35.386875 #194082] DEBUG -- : MONGODB | Topology type 'unknown' initializing.
D, [2022-03-16T21:01:35.387230 #194082] DEBUG -- : MONGODB | There was a change in the members of the 'Unknown' topology.
D, [2022-03-16T21:01:35.387381 #194082] DEBUG -- : MONGODB | Server rocklov-db:27017 initializing.
D, [2022-03-16T21:01:35.387661 #194082] DEBUG -- : MONGODB | Waiting for up to 30.00 seconds for servers to be scanned: #<Cluster topology=Unknown[rocklov-db:27017] servers=[#<Server address=rocklov-db:27017 UNKNOWN>]>
D, [2022-03-16T21:01:35.391912 #194082] DEBUG -- : MONGODB | Server description for rocklov-db:27017 changed from 'unknown' to 'standalone'.
D, [2022-03-16T21:01:35.392215 #194082] DEBUG -- : MONGODB | Topology type 'Unknown' changed to type 'Single'.
D, [2022-03-16T21:04:01.861268 #194227] DEBUG -- : MONGODB | Topology type 'unknown' initializing.
D, [2022-03-16T21:04:01.861904 #194227] DEBUG -- : MONGODB | There was a change in the members of the 'Unknown' topology.
D, [2022-03-16T21:04:01.862052 #194227] DEBUG -- : MONGODB | Server rocklov-db:27017 initializing.
D, [2022-03-16T21:04:01.862353 #194227] DEBUG -- : MONGODB | Waiting for up to 30.00 seconds for servers to be scanned: #<Cluster topology=Unknown[rocklov-db:27017] servers=[#<Server address=rocklov-db:27017 UNKNOWN>]>
D, [2022-03-16T21:04:01.871094 #194227] DEBUG -- : MONGODB | Server description for rocklov-db:27017 changed from 'unknown' to 'standalone'.
D, [2022-03-16T21:04:01.871804 #194227] DEBUG -- : MONGODB | Topology type 'Unknown' changed to type 'Single'.
D, [2022-03-16T21:04:01.877255 #194227] DEBUG -- : MONGODB | rocklov-db:27017 req:5 conn:1:1 sconn:90 | rocklov.delete | STARTED | {"delete"=>"equipos", "ordered"=>true, "deletes"=>[{"q"=>{"name"=>"Violao Classico 7 Cordas", "user"=>BSON::ObjectId('6232370a86fd140028cafd7b')}, "limit"=>0}], "$db"=>"rocklov", "lsid"=>{"id"=><BSON::Binary:0x50440 type=uuid data=0xe1c948e4b88b48b8.....
D, [2022-03-16T21:04:01.880568 #194227] DEBUG -- : MONGODB | rocklov-db:27017 req:5 | rocklov.delete | SUCCEEDED | 0.003s
D, [2022-03-16T21:04:01.923988 #194227] DEBUG -- : MONGODB | Topology type 'unknown' initializing.
D, [2022-03-16T21:04:01.924328 #194227] DEBUG -- : MONGODB | There was a change in the members of the 'Unknown' topology.
D, [2022-03-16T21:04:01.924473 #194227] DEBUG -- : MONGODB | Server rocklov-db:27017 initializing.
D, [2022-03-16T21:04:01.924717 #194227] DEBUG -- : MONGODB | Waiting for up to 30.00 seconds for servers to be scanned: #<Cluster topology=Unknown[rocklov-db:27017] servers=[#<Server address=rocklov-db:27017 UNKNOWN>]>
D, [2022-03-16T21:04:01.930145 #194227] DEBUG -- : MONGODB | Server description for rocklov-db:27017 changed from 'unknown' to 'standalone'.
D, [2022-03-16T21:04:01.930360 #194227] DEBUG -- : MONGODB | Topology type 'Unknown' changed to type 'Single'.
D, [2022-03-16T21:15:50.805289 #194898] DEBUG -- : MONGODB | Topology type 'unknown' initializing.
D, [2022-03-16T21:15:50.805592 #194898] DEBUG -- : MONGODB | There was a change in the members of the 'Unknown' topology.
D, [2022-03-16T21:15:50.805706 #194898] DEBUG -- : MONGODB | Server rocklov-db:27017 initializing.
D, [2022-03-16T21:15:50.806038 #194898] DEBUG -- : MONGODB | Waiting for up to 30.00 seconds for servers to be scanned: #<Cluster topology=Unknown[rocklov-db:27017] servers=[#<Server address=rocklov-db:27017 UNKNOWN>]>
D, [2022-03-16T21:15:50.809101 #194898] DEBUG -- : MONGODB | Server description for rocklov-db:27017 changed from 'unknown' to 'standalone'.
D, [2022-03-16T21:15:50.809457 #194898] DEBUG -- : MONGODB | Topology type 'Unknown' changed to type 'Single'.
D, [2022-03-16T21:15:50.812261 #194898] DEBUG -- : MONGODB | rocklov-db:27017 req:5 conn:1:1 sconn:94 | rocklov.delete | STARTED | {"delete"=>"equipos", "ordered"=>true, "deletes"=>[{"q"=>{"name"=>"Violao Classico 7 Cordas", "user"=>BSON::ObjectId('6232370a86fd140028cafd7b')}, "limit"=>0}], "$db"=>"rocklov", "lsid"=>{"id"=><BSON::Binary:0x50440 type=uuid data=0x86f225834ce94f0e.....
D, [2022-03-16T21:15:50.813025 #194898] DEBUG -- : MONGODB | rocklov-db:27017 req:5 | rocklov.delete | SUCCEEDED | 0.001s
D, [2022-03-16T21:15:50.845005 #194898] DEBUG -- : MONGODB | Topology type 'unknown' initializing.
D, [2022-03-16T21:15:50.845285 #194898] DEBUG -- : MONGODB | There was a change in the members of the 'Unknown' topology.
D, [2022-03-16T21:15:50.845397 #194898] DEBUG -- : MONGODB | Server rocklov-db:27017 initializing.
D, [2022-03-16T21:15:50.845655 #194898] DEBUG -- : MONGODB | Waiting for up to 30.00 seconds for servers to be scanned: #<Cluster topology=Unknown[rocklov-db:27017] servers=[#<Server address=rocklov-db:27017 UNKNOWN>]>
D, [2022-03-16T21:15:50.848471 #194898] DEBUG -- : MONGODB | Server description for rocklov-db:27017 changed from 'unknown' to 'standalone'.
D, [2022-03-16T21:15:50.848730 #194898] DEBUG -- : MONGODB | Topology type 'Unknown' changed to type 'Single'.
D, [2022-03-16T21:15:58.694470 #194926] DEBUG -- : MONGODB | Topology type 'unknown' initializing.
D, [2022-03-16T21:15:58.694827 #194926] DEBUG -- : MONGODB | There was a change in the members of the 'Unknown' topology.
D, [2022-03-16T21:15:58.694932 #194926] DEBUG -- : MONGODB | Server rocklov-db:27017 initializing.
D, [2022-03-16T21:15:58.698254 #194926] DEBUG -- : MONGODB | Waiting for up to 30.00 seconds for servers to be scanned: #<Cluster topology=Unknown[rocklov-db:27017] servers=[#<Server address=rocklov-db:27017 UNKNOWN>]>
D, [2022-03-16T21:15:58.701420 #194926] DEBUG -- : MONGODB | Server description for rocklov-db:27017 changed from 'unknown' to 'standalone'.
D, [2022-03-16T21:15:58.701747 #194926] DEBUG -- : MONGODB | Topology type 'Unknown' changed to type 'Single'.
D, [2022-03-16T21:15:58.707186 #194926] DEBUG -- : MONGODB | rocklov-db:27017 req:5 conn:1:1 sconn:97 | rocklov.delete | STARTED | {"delete"=>"equipos", "ordered"=>true, "deletes"=>[{"q"=>{"name"=>"Piano Roland", "user"=>BSON::ObjectId('6232370a86fd140028cafd7b')}, "limit"=>0}], "$db"=>"rocklov", "lsid"=>{"id"=><BSON::Binary:0x50440 type=uuid data=0x62f0c779dbd6483d...>}}
D, [2022-03-16T21:15:58.707872 #194926] DEBUG -- : MONGODB | rocklov-db:27017 req:5 | rocklov.delete | SUCCEEDED | 0.000s
D, [2022-03-16T21:15:58.736058 #194926] DEBUG -- : MONGODB | Topology type 'unknown' initializing.
D, [2022-03-16T21:15:58.736400 #194926] DEBUG -- : MONGODB | There was a change in the members of the 'Unknown' topology.
D, [2022-03-16T21:15:58.736568 #194926] DEBUG -- : MONGODB | Server rocklov-db:27017 initializing.
D, [2022-03-16T21:15:58.737024 #194926] DEBUG -- : MONGODB | Waiting for up to 30.00 seconds for servers to be scanned: #<Cluster topology=Unknown[rocklov-db:27017] servers=[#<Server address=rocklov-db:27017 UNKNOWN>]>
D, [2022-03-16T21:15:58.741509 #194926] DEBUG -- : MONGODB | Server description for rocklov-db:27017 changed from 'unknown' to 'standalone'.
D, [2022-03-16T21:15:58.741718 #194926] DEBUG -- : MONGODB | Topology type 'Unknown' changed to type 'Single'.
D, [2022-03-16T21:19:08.652383 #195117] DEBUG -- : MONGODB | Topology type 'unknown' initializing.
D, [2022-03-16T21:19:08.652904 #195117] DEBUG -- : MONGODB | There was a change in the members of the 'Unknown' topology.
D, [2022-03-16T21:19:08.653116 #195117] DEBUG -- : MONGODB | Server rocklov-db:27017 initializing.
D, [2022-03-16T21:19:08.653832 #195117] DEBUG -- : MONGODB | Waiting for up to 30.00 seconds for servers to be scanned: #<Cluster topology=Unknown[rocklov-db:27017] servers=[#<Server address=rocklov-db:27017 UNKNOWN>]>
D, [2022-03-16T21:19:08.657149 #195117] DEBUG -- : MONGODB | Server description for rocklov-db:27017 changed from 'unknown' to 'standalone'.
D, [2022-03-16T21:19:08.657367 #195117] DEBUG -- : MONGODB | Topology type 'Unknown' changed to type 'Single'.
D, [2022-03-16T21:19:19.785573 #195161] DEBUG -- : MONGODB | Topology type 'unknown' initializing.
D, [2022-03-16T21:19:19.786007 #195161] DEBUG -- : MONGODB | There was a change in the members of the 'Unknown' topology.
D, [2022-03-16T21:19:19.786191 #195161] DEBUG -- : MONGODB | Server rocklov-db:27017 initializing.
D, [2022-03-16T21:19:19.786519 #195161] DEBUG -- : MONGODB | Waiting for up to 30.00 seconds for servers to be scanned: #<Cluster topology=Unknown[rocklov-db:27017] servers=[#<Server address=rocklov-db:27017 UNKNOWN>]>
D, [2022-03-16T21:19:19.789837 #195161] DEBUG -- : MONGODB | Server description for rocklov-db:27017 changed from 'unknown' to 'standalone'.
D, [2022-03-16T21:19:19.790215 #195161] DEBUG -- : MONGODB | Topology type 'Unknown' changed to type 'Single'.
D, [2022-03-16T21:19:19.798073 #195161] DEBUG -- : MONGODB | rocklov-db:27017 req:5 conn:1:1 sconn:101 | rocklov.delete | STARTED | {"delete"=>"equipos", "ordered"=>true, "deletes"=>[{"q"=>{"name"=>"Piano Roland", "user"=>BSON::ObjectId('6232370a86fd140028cafd7b')}, "limit"=>0}], "$db"=>"rocklov", "lsid"=>{"id"=><BSON::Binary:0x50440 type=uuid data=0xac4f8eeb265d41a3...>}}
D, [2022-03-16T21:19:19.798951 #195161] DEBUG -- : MONGODB | rocklov-db:27017 req:5 | rocklov.delete | SUCCEEDED | 0.001s
D, [2022-03-16T21:19:19.828255 #195161] DEBUG -- : MONGODB | Topology type 'unknown' initializing.
D, [2022-03-16T21:19:19.828569 #195161] DEBUG -- : MONGODB | There was a change in the members of the 'Unknown' topology.
D, [2022-03-16T21:19:19.828699 #195161] DEBUG -- : MONGODB | Server rocklov-db:27017 initializing.
D, [2022-03-16T21:19:19.832262 #195161] DEBUG -- : MONGODB | Waiting for up to 30.00 seconds for servers to be scanned: #<Cluster topology=Unknown[rocklov-db:27017] servers=[#<Server address=rocklov-db:27017 UNKNOWN>]>
D, [2022-03-16T21:19:19.834486 #195161] DEBUG -- : MONGODB | Server description for rocklov-db:27017 changed from 'unknown' to 'standalone'.
D, [2022-03-16T21:19:19.836692 #195161] DEBUG -- : MONGODB | Topology type 'Unknown' changed to type 'Single'.
